# JRE version: OpenJDK Runtime Environment JBR-17.0.9+8-1166.2-nomod (17.0.9+8) (build 17.0.9+8-b1166.2)
# Java VM: OpenJDK 64-Bit Server VM JBR-17.0.9+8-1166.2-nomod (17.0.9+8-b1166.2, mixed mode, tiered, compressed oops, compressed class ptrs, g1 gc, windows-amd64)
GC Precious Log:
 CPUs: 4 total, 4 available
 Memory: 3986M
 Large Page Support: Disabled
 NUMA Support: Disabled
 Compressed Oops: Enabled (32-bit)
 Heap Region Size: 1M
 Heap Min Capacity: 8M
 Heap Initial Capacity: 64M
 Heap Max Capacity: 998M
 Pre-touch: Disabled
 Parallel Workers: 4
 Concurrent Workers: 1
 Concurrent Refinement Workers: 4
 Periodic GC: Disabled
Heap:
 garbage-first heap   total 53248K, used 37059K [0x00000000c1a00000, 0x0000000100000000)
  region size 1024K, 16 young (16384K), 3 survivors (3072K)
 Metaspace       used 64359K, committed 64960K, reserved 1114112K
  class space    used 8272K, committed 8576K, reserved 1048576K
GC Heap History (20 events):
Event: 8.059 GC heap before
{Heap before GC invocations=12 (full 0):
 garbage-first heap   total 39936K, used 29099K [0x00000000c1a00000, 0x0000000100000000)
  region size 1024K, 15 young (15360K), 1 survivors (1024K)
 Metaspace       used 39605K, committed 40000K, reserved 1114112K
  class space    used 4862K, committed 5056K, reserved 1048576K
}
Event: 8.064 GC heap after
{Heap after GC invocations=13 (full 0):
 garbage-first heap   total 39936K, used 15956K [0x00000000c1a00000, 0x0000000100000000)
  region size 1024K, 2 young (2048K), 2 survivors (2048K)
 Metaspace       used 39605K, committed 40000K, reserved 1114112K
  class space    used 4862K, committed 5056K, reserved 1048576K
}
Event: 8.128 GC heap before
{Heap before GC invocations=13 (full 0):
 garbage-first heap   total 39936K, used 16980K [0x00000000c1a00000, 0x0000000100000000)
  region size 1024K, 3 young (3072K), 2 survivors (2048K)
 Metaspace       used 39872K, committed 40320K, reserved 1114112K
  class space    used 4899K, committed 5120K, reserved 1048576K
}
Event: 8.135 GC heap after
{Heap after GC invocations=14 (full 0):
 garbage-first heap   total 39936K, used 15710K [0x00000000c1a00000, 0x0000000100000000)
  region size 1024K, 1 young (1024K), 1 survivors (1024K)
 Metaspace       used 39872K, committed 40320K, reserved 1114112K
  class space    used 4899K, committed 5120K, reserved 1048576K
}
Event: 9.297 GC heap before
{Heap before GC invocations=14 (full 0):
 garbage-first heap   total 39936K, used 30046K [0x00000000c1a00000, 0x0000000100000000)
  region size 1024K, 15 young (15360K), 1 survivors (1024K)
 Metaspace       used 44901K, committed 45376K, reserved 1114112K
  class space    used 5569K, committed 5824K, reserved 1048576K
}
Event: 9.303 GC heap after
{Heap after GC invocations=15 (full 0):
 garbage-first heap   total 39936K, used 16802K [0x00000000c1a00000, 0x0000000100000000)
  region size 1024K, 2 young (2048K), 2 survivors (2048K)
 Metaspace       used 44901K, committed 45376K, reserved 1114112K
  class space    used 5569K, committed 5824K, reserved 1048576K
}
Event: 10.010 GC heap before
{Heap before GC invocations=15 (full 0):
 garbage-first heap   total 39936K, used 29090K [0x00000000c1a00000, 0x0000000100000000)
  region size 1024K, 15 young (15360K), 2 survivors (2048K)
 Metaspace       used 48870K, committed 49344K, reserved 1114112K
  class space    used 6126K, committed 6336K, reserved 1048576K
}
Event: 10.016 GC heap after
{Heap after GC invocations=16 (full 0):
 garbage-first heap   total 39936K, used 18625K [0x00000000c1a00000, 0x0000000100000000)
  region size 1024K, 2 young (2048K), 2 survivors (2048K)
 Metaspace       used 48870K, committed 49344K, reserved 1114112K
  class space    used 6126K, committed 6336K, reserved 1048576K
}
Event: 10.683 GC heap before
{Heap before GC invocations=16 (full 0):
 garbage-first heap   total 39936K, used 29889K [0x00000000c1a00000, 0x0000000100000000)
  region size 1024K, 13 young (13312K), 2 survivors (2048K)
 Metaspace       used 51545K, committed 51968K, reserved 1114112K
  class space    used 6505K, committed 6720K, reserved 1048576K
}
Event: 10.690 GC heap after
{Heap after GC invocations=17 (full 0):
 garbage-first heap   total 39936K, used 19874K [0x00000000c1a00000, 0x0000000100000000)
  region size 1024K, 2 young (2048K), 2 survivors (2048K)
 Metaspace       used 51545K, committed 51968K, reserved 1114112K
  class space    used 6505K, committed 6720K, reserved 1048576K
}
Event: 11.130 GC heap before
{Heap before GC invocations=17 (full 0):
 garbage-first heap   total 39936K, used 30114K [0x00000000c1a00000, 0x0000000100000000)
  region size 1024K, 12 young (12288K), 2 survivors (2048K)
 Metaspace       used 53156K, committed 53632K, reserved 1114112K
  class space    used 6742K, committed 6976K, reserved 1048576K
}
Event: 11.137 GC heap after
{Heap after GC invocations=18 (full 0):
 garbage-first heap   total 53248K, used 20623K [0x00000000c1a00000, 0x0000000100000000)
  region size 1024K, 1 young (1024K), 1 survivors (1024K)
 Metaspace       used 53156K, committed 53632K, reserved 1114112K
  class space    used 6742K, committed 6976K, reserved 1048576K
}
Event: 27.662 GC heap before
{Heap before GC invocations=19 (full 0):
 garbage-first heap   total 53248K, used 39055K [0x00000000c1a00000, 0x0000000100000000)
  region size 1024K, 20 young (20480K), 1 survivors (1024K)
 Metaspace       used 56655K, committed 57152K, reserved 1114112K
  class space    used 7246K, committed 7488K, reserved 1048576K
}
Event: 27.677 GC heap after
{Heap after GC invocations=20 (full 0):
 garbage-first heap   total 53248K, used 22609K [0x00000000c1a00000, 0x0000000100000000)
  region size 1024K, 3 young (3072K), 3 survivors (3072K)
 Metaspace       used 56655K, committed 57152K, reserved 1114112K
  class space    used 7246K, committed 7488K, reserved 1048576K
}
Event: 27.958 GC heap before
{Heap before GC invocations=20 (full 0):
 garbage-first heap   total 53248K, used 23633K [0x00000000c1a00000, 0x0000000100000000)
  region size 1024K, 4 young (4096K), 3 survivors (3072K)
 Metaspace       used 56987K, committed 57472K, reserved 1114112K
  class space    used 7281K, committed 7488K, reserved 1048576K
}
Event: 27.974 GC heap after
{Heap after GC invocations=21 (full 0):
 garbage-first heap   total 53248K, used 22658K [0x00000000c1a00000, 0x0000000100000000)
  region size 1024K, 1 young (1024K), 1 survivors (1024K)
 Metaspace       used 56987K, committed 57472K, reserved 1114112K
  class space    used 7281K, committed 7488K, reserved 1048576K
}
Event: 33.956 GC heap before
{Heap before GC invocations=21 (full 0):
 garbage-first heap   total 53248K, used 39042K [0x00000000c1a00000, 0x0000000100000000)
  region size 1024K, 18 young (18432K), 1 survivors (1024K)
 Metaspace       used 61308K, committed 61760K, reserved 1114112K
  class space    used 7970K, committed 8192K, reserved 1048576K
}
Event: 33.967 GC heap after
{Heap after GC invocations=22 (full 0):
 garbage-first heap   total 53248K, used 23924K [0x00000000c1a00000, 0x0000000100000000)
  region size 1024K, 2 young (2048K), 2 survivors (2048K)
 Metaspace       used 61308K, committed 61760K, reserved 1114112K
  class space    used 7970K, committed 8192K, reserved 1048576K
}
Event: 200.266 GC heap before
{Heap before GC invocations=22 (full 0):
 garbage-first heap   total 53248K, used 41332K [0x00000000c1a00000, 0x0000000100000000)
  region size 1024K, 19 young (19456K), 2 survivors (2048K)
 Metaspace       used 63839K, committed 64384K, reserved 1114112K
  class space    used 8242K, committed 8448K, reserved 1048576K
}
Event: 200.413 GC heap after
{Heap after GC invocations=23 (full 0):
 garbage-first heap   total 53248K, used 24771K [0x00000000c1a00000, 0x0000000100000000)
  region size 1024K, 3 young (3072K), 3 survivors (3072K)
 Metaspace       used 63839K, committed 64384K, reserved 1114112K
  class space    used 8242K, committed 8448K, reserved 1048576K
}

